0 info it worked if it ends with ok
1 verbose cli [ '/usr/local/bin/node', '/usr/local/bin/npm', 'install' ]
2 info using npm@3.10.3
3 info using node@v6.6.0
4 silly loadCurrentTree Starting
5 silly install loadCurrentTree
6 silly install readLocalPackageData
7 silly install normalizeTree
8 silly loadCurrentTree Finishing
9 silly loadIdealTree Starting
10 silly install loadIdealTree
11 silly cloneCurrentTree Starting
12 silly install cloneCurrentTreeToIdealTree
13 silly cloneCurrentTree Finishing
14 silly loadShrinkwrap Starting
15 silly install loadShrinkwrap
16 silly loadShrinkwrap Finishing
17 silly loadAllDepsIntoIdealTree Starting
18 silly install loadAllDepsIntoIdealTree
19 silly fetchNamedPackageData jasmine
20 silly mapToRegistry name jasmine
21 silly mapToRegistry using default registry
22 silly mapToRegistry registry https://registry.npmjs.org/
23 silly mapToRegistry data Result {
23 silly mapToRegistry   raw: 'jasmine',
23 silly mapToRegistry   scope: null,
23 silly mapToRegistry   escapedName: 'jasmine',
23 silly mapToRegistry   name: 'jasmine',
23 silly mapToRegistry   rawSpec: '',
23 silly mapToRegistry   spec: 'latest',
23 silly mapToRegistry   type: 'tag' }
24 silly mapToRegistry uri https://registry.npmjs.org/jasmine
25 silly fetchNamedPackageData protractor
26 silly mapToRegistry name protractor
27 silly mapToRegistry using default registry
28 silly mapToRegistry registry https://registry.npmjs.org/
29 silly mapToRegistry data Result {
29 silly mapToRegistry   raw: 'protractor',
29 silly mapToRegistry   scope: null,
29 silly mapToRegistry   escapedName: 'protractor',
29 silly mapToRegistry   name: 'protractor',
29 silly mapToRegistry   rawSpec: '',
29 silly mapToRegistry   spec: 'latest',
29 silly mapToRegistry   type: 'tag' }
30 silly mapToRegistry uri https://registry.npmjs.org/protractor
31 verbose request uri https://registry.npmjs.org/protractor
32 verbose request no auth needed
33 info attempt registry request try #1 at 8:32:41 PM
34 verbose request id b16985f1770d874e
35 verbose etag "BDZ0LLORYNF1GJQZ8ZDZ0YX11"
36 http request GET https://registry.npmjs.org/protractor
37 verbose request uri https://registry.npmjs.org/jasmine
38 verbose request no auth needed
39 info attempt registry request try #1 at 8:32:41 PM
40 verbose etag "34NJWPI2Q8JRMVKXQQZF7LS2Y"
41 http request GET https://registry.npmjs.org/jasmine
42 http 304 https://registry.npmjs.org/protractor
43 verbose headers { date: 'Tue, 04 Oct 2016 17:32:41 GMT',
43 verbose headers   via: '1.1 varnish',
43 verbose headers   'cache-control': 'max-age=300',
43 verbose headers   etag: '"BDZ0LLORYNF1GJQZ8ZDZ0YX11"',
43 verbose headers   age: '35',
43 verbose headers   connection: 'keep-alive',
43 verbose headers   'x-served-by': 'cache-fra1239-FRA',
43 verbose headers   'x-cache': 'HIT',
43 verbose headers   'x-cache-hits': '1',
43 verbose headers   'x-timer': 'S1475602361.972505,VS0,VE0',
43 verbose headers   vary: 'Accept-Encoding' }
44 silly get cb [ 304,
44 silly get   { date: 'Tue, 04 Oct 2016 17:32:41 GMT',
44 silly get     via: '1.1 varnish',
44 silly get     'cache-control': 'max-age=300',
44 silly get     etag: '"BDZ0LLORYNF1GJQZ8ZDZ0YX11"',
44 silly get     age: '35',
44 silly get     connection: 'keep-alive',
44 silly get     'x-served-by': 'cache-fra1239-FRA',
44 silly get     'x-cache': 'HIT',
44 silly get     'x-cache-hits': '1',
44 silly get     'x-timer': 'S1475602361.972505,VS0,VE0',
44 silly get     vary: 'Accept-Encoding' } ]
45 verbose etag https://registry.npmjs.org/protractor from cache
46 verbose get saving protractor to /home/order/.npm/registry.npmjs.org/protractor/.cache.json
47 verbose correctMkdir /home/order/.npm correctMkdir not in flight; initializing
48 silly resolveWithNewModule protractor@4.0.9 checking installable status
49 silly cache add args [ 'protractor@^4.0.9', null ]
50 verbose cache add spec protractor@^4.0.9
51 silly cache add parsed spec Result {
51 silly cache add   raw: 'protractor@^4.0.9',
51 silly cache add   scope: null,
51 silly cache add   escapedName: 'protractor',
51 silly cache add   name: 'protractor',
51 silly cache add   rawSpec: '^4.0.9',
51 silly cache add   spec: '>=4.0.9 <5.0.0',
51 silly cache add   type: 'range' }
52 silly addNamed protractor@>=4.0.9 <5.0.0
53 verbose addNamed ">=4.0.9 <5.0.0" is a valid semver range for protractor
54 silly addNameRange { name: 'protractor', range: '>=4.0.9 <5.0.0', hasData: false }
55 silly mapToRegistry name protractor
56 silly mapToRegistry using default registry
57 silly mapToRegistry registry https://registry.npmjs.org/
58 silly mapToRegistry data Result {
58 silly mapToRegistry   raw: 'protractor',
58 silly mapToRegistry   scope: null,
58 silly mapToRegistry   escapedName: 'protractor',
58 silly mapToRegistry   name: 'protractor',
58 silly mapToRegistry   rawSpec: '',
58 silly mapToRegistry   spec: 'latest',
58 silly mapToRegistry   type: 'tag' }
59 silly mapToRegistry uri https://registry.npmjs.org/protractor
60 verbose addNameRange registry:https://registry.npmjs.org/protractor not in flight; fetching
61 verbose get https://registry.npmjs.org/protractor not expired, no request
62 silly addNameRange number 2 { name: 'protractor', range: '>=4.0.9 <5.0.0', hasData: true }
63 silly addNameRange versions [ 'protractor',
63 silly addNameRange   [ '0.1.0',
63 silly addNameRange     '0.1.1',
63 silly addNameRange     '0.1.2',
63 silly addNameRange     '0.1.3',
63 silly addNameRange     '0.2.0',
63 silly addNameRange     '0.2.1',
63 silly addNameRange     '0.3.0',
63 silly addNameRange     '0.4.0',
63 silly addNameRange     '0.4.1',
63 silly addNameRange     '0.5.0',
63 silly addNameRange     '0.6.1',
63 silly addNameRange     '0.7.0',
63 silly addNameRange     '0.8.0',
63 silly addNameRange     '0.9.0',
63 silly addNameRange     '0.10.0',
63 silly addNameRange     '0.11.0',
63 silly addNameRange     '0.12.0',
63 silly addNameRange     '0.12.1',
63 silly addNameRange     '0.13.0',
63 silly addNameRange     '0.14.0',
63 silly addNameRange     '0.15.0',
63 silly addNameRange     '0.16.0',
63 silly addNameRange     '0.16.1',
63 silly addNameRange     '0.17.0',
63 silly addNameRange     '0.18.0',
63 silly addNameRange     '0.18.1',
63 silly addNameRange     '0.19.0',
63 silly addNameRange     '0.20.0',
63 silly addNameRange     '0.20.1',
63 silly addNameRange     '0.21.0',
63 silly addNameRange     '0.22.0',
63 silly addNameRange     '0.23.0',
63 silly addNameRange     '0.23.1',
63 silly addNameRange     '0.24.0',
63 silly addNameRange     '0.24.1',
63 silly addNameRange     '0.24.2',
63 silly addNameRange     '1.0.0-rc1',
63 silly addNameRange     '1.0.0-rc2',
63 silly addNameRange     '1.0.0-rc3',
63 silly addNameRange     '1.0.0-rc4',
63 silly addNameRange     '1.0.0-rc5',
63 silly addNameRange     '1.0.0-rc6',
63 silly addNameRange     '1.0.0',
63 silly addNameRange     '1.1.0',
63 silly addNameRange     '1.1.1',
63 silly addNameRange     '1.2.0-beta1',
63 silly addNameRange     '1.2.0',
63 silly addNameRange     '1.3.0',
63 silly addNameRange     '1.3.1',
63 silly addNameRange     '1.4.0',
63 silly addNameRange     '1.5.0',
63 silly addNameRange     '1.6.0',
63 silly addNameRange     '1.6.1',
63 silly addNameRange     '1.7.0',
63 silly addNameRange     '1.8.0',
63 silly addNameRange     '2.0.0',
63 silly addNameRange     '2.1.0',
63 silly addNameRange     '2.2.0',
63 silly addNameRange     '2.3.0',
63 silly addNameRange     '2.4.0',
63 silly addNameRange     '2.5.0',
63 silly addNameRange     '2.5.1',
63 silly addNameRange     '3.0.0',
63 silly addNameRange     '3.1.0',
63 silly addNameRange     '3.1.1',
63 silly addNameRange     '3.2.0',
63 silly addNameRange     '3.2.1',
63 silly addNameRange     '3.2.2',
63 silly addNameRange     '0.0.0',
63 silly addNameRange     '3.3.0',
63 silly addNameRange     '4.0.0',
63 silly addNameRange     '4.0.1',
63 silly addNameRange     '4.0.2',
63 silly addNameRange     '4.0.3',
63 silly addNameRange     '4.0.4',
63 silly addNameRange     '4.0.5',
63 silly addNameRange     '4.0.6',
63 silly addNameRange     '4.0.7',
63 silly addNameRange     '4.0.8',
63 silly addNameRange     '4.0.9' ] ]
64 silly addNamed protractor@4.0.9
65 verbose addNamed "4.0.9" is a plain semver version for protractor
66 silly cache afterAdd protractor@4.0.9
67 verbose afterAdd /home/order/.npm/protractor/4.0.9/package/package.json not in flight; writing
68 verbose correctMkdir /home/order/.npm correctMkdir not in flight; initializing
69 verbose afterAdd /home/order/.npm/protractor/4.0.9/package/package.json written
70 http 304 https://registry.npmjs.org/jasmine
71 verbose headers { date: 'Tue, 04 Oct 2016 17:32:42 GMT',
71 verbose headers   via: '1.1 varnish',
71 verbose headers   'cache-control': 'max-age=300',
71 verbose headers   etag: '"34NJWPI2Q8JRMVKXQQZF7LS2Y"',
71 verbose headers   age: '0',
71 verbose headers   connection: 'keep-alive',
71 verbose headers   'x-served-by': 'cache-fra1228-FRA',
71 verbose headers   'x-cache': 'HIT',
71 verbose headers   'x-cache-hits': '1',
71 verbose headers   'x-timer': 'S1475602362.030947,VS0,VE749',
71 verbose headers   vary: 'Accept-Encoding' }
72 silly get cb [ 304,
72 silly get   { date: 'Tue, 04 Oct 2016 17:32:42 GMT',
72 silly get     via: '1.1 varnish',
72 silly get     'cache-control': 'max-age=300',
72 silly get     etag: '"34NJWPI2Q8JRMVKXQQZF7LS2Y"',
72 silly get     age: '0',
72 silly get     connection: 'keep-alive',
72 silly get     'x-served-by': 'cache-fra1228-FRA',
72 silly get     'x-cache': 'HIT',
72 silly get     'x-cache-hits': '1',
72 silly get     'x-timer': 'S1475602362.030947,VS0,VE749',
72 silly get     vary: 'Accept-Encoding' } ]
73 verbose etag https://registry.npmjs.org/jasmine from cache
74 verbose get saving jasmine to /home/order/.npm/registry.npmjs.org/jasmine/.cache.json
75 verbose correctMkdir /home/order/.npm correctMkdir not in flight; initializing
76 silly fetchNamedPackageData No valid target from cache, forcing network
77 verbose request uri https://registry.npmjs.org/jasmine
78 verbose request no auth needed
79 info attempt registry request try #1 at 8:32:42 PM
80 http request GET https://registry.npmjs.org/jasmine
81 http 200 https://registry.npmjs.org/jasmine
82 verbose headers { server: 'CouchDB/1.6.1 (Erlang OTP/R16B03)',
82 verbose headers   etag: '"34NJWPI2Q8JRMVKXQQZF7LS2Y"',
82 verbose headers   'content-type': 'application/json',
82 verbose headers   'content-encoding': 'gzip',
82 verbose headers   'cache-control': 'max-age=300',
82 verbose headers   'content-length': '3810',
82 verbose headers   'accept-ranges': 'bytes',
82 verbose headers   date: 'Tue, 04 Oct 2016 17:32:42 GMT',
82 verbose headers   via: '1.1 varnish',
82 verbose headers   age: '0',
82 verbose headers   connection: 'keep-alive',
82 verbose headers   'x-served-by': 'cache-fra1239-FRA',
82 verbose headers   'x-cache': 'HIT',
82 verbose headers   'x-cache-hits': '1',
82 verbose headers   'x-timer': 'S1475602362.836568,VS0,VE0',
82 verbose headers   vary: 'Accept-Encoding' }
83 silly get cb [ 200,
83 silly get   { server: 'CouchDB/1.6.1 (Erlang OTP/R16B03)',
83 silly get     etag: '"34NJWPI2Q8JRMVKXQQZF7LS2Y"',
83 silly get     'content-type': 'application/json',
83 silly get     'content-encoding': 'gzip',
83 silly get     'cache-control': 'max-age=300',
83 silly get     'content-length': '3810',
83 silly get     'accept-ranges': 'bytes',
83 silly get     date: 'Tue, 04 Oct 2016 17:32:42 GMT',
83 silly get     via: '1.1 varnish',
83 silly get     age: '0',
83 silly get     connection: 'keep-alive',
83 silly get     'x-served-by': 'cache-fra1239-FRA',
83 silly get     'x-cache': 'HIT',
83 silly get     'x-cache-hits': '1',
83 silly get     'x-timer': 'S1475602362.836568,VS0,VE0',
83 silly get     vary: 'Accept-Encoding' } ]
84 verbose get saving jasmine to /home/order/.npm/registry.npmjs.org/jasmine/.cache.json
85 verbose correctMkdir /home/order/.npm correctMkdir not in flight; initializing
86 silly fetchPackageMetaData Error: No compatible version found: jasmine@2.13
86 silly fetchPackageMetaData Valid install targets:
86 silly fetchPackageMetaData 2.5.2, 2.5.1, 2.5.0, 2.4.1, 2.4.0, 2.3.2, 2.3.1, 2.3.0, 2.2.1, 2.2.0, 2.1.1, 2.1.0, 2.0.1
86 silly fetchPackageMetaData
86 silly fetchPackageMetaData     at pickVersionFromRegistryDocument (/usr/local/lib/node_modules/npm/lib/fetch-package-metadata.js:170:16)
86 silly fetchPackageMetaData     at /usr/local/lib/node_modules/npm/node_modules/iferr/index.js:13:50
86 silly fetchPackageMetaData     at /usr/local/lib/node_modules/npm/lib/utils/pulse-till-done.js:20:8
86 silly fetchPackageMetaData     at saved (/usr/local/lib/node_modules/npm/lib/cache/caching-client.js:174:7)
86 silly fetchPackageMetaData     at /usr/local/lib/node_modules/npm/node_modules/graceful-fs/polyfills.js:210:7
86 silly fetchPackageMetaData     at FSReqWrap.oncomplete (fs.js:123:15)
86 silly fetchPackageMetaData  error for jasmine@2.13 Error: No compatible version found: jasmine@2.13
86 silly fetchPackageMetaData Valid install targets:
86 silly fetchPackageMetaData 2.5.2, 2.5.1, 2.5.0, 2.4.1, 2.4.0, 2.3.2, 2.3.1, 2.3.0, 2.2.1, 2.2.0, 2.1.1, 2.1.0, 2.0.1
86 silly fetchPackageMetaData
86 silly fetchPackageMetaData     at pickVersionFromRegistryDocument (/usr/local/lib/node_modules/npm/lib/fetch-package-metadata.js:170:16)
86 silly fetchPackageMetaData     at /usr/local/lib/node_modules/npm/node_modules/iferr/index.js:13:50
86 silly fetchPackageMetaData     at /usr/local/lib/node_modules/npm/lib/utils/pulse-till-done.js:20:8
86 silly fetchPackageMetaData     at saved (/usr/local/lib/node_modules/npm/lib/cache/caching-client.js:174:7)
86 silly fetchPackageMetaData     at /usr/local/lib/node_modules/npm/node_modules/graceful-fs/polyfills.js:210:7
86 silly fetchPackageMetaData     at FSReqWrap.oncomplete (fs.js:123:15)
87 silly rollbackFailedOptional Starting
88 silly rollbackFailedOptional Finishing
89 silly runTopLevelLifecycles Starting
90 silly runTopLevelLifecycles Finishing
91 silly install printInstalled
92 verbose stack Error: No compatible version found: jasmine@2.13
92 verbose stack Valid install targets:
92 verbose stack 2.5.2, 2.5.1, 2.5.0, 2.4.1, 2.4.0, 2.3.2, 2.3.1, 2.3.0, 2.2.1, 2.2.0, 2.1.1, 2.1.0, 2.0.1
92 verbose stack
92 verbose stack     at pickVersionFromRegistryDocument (/usr/local/lib/node_modules/npm/lib/fetch-package-metadata.js:170:16)
92 verbose stack     at /usr/local/lib/node_modules/npm/node_modules/iferr/index.js:13:50
92 verbose stack     at /usr/local/lib/node_modules/npm/lib/utils/pulse-till-done.js:20:8
92 verbose stack     at saved (/usr/local/lib/node_modules/npm/lib/cache/caching-client.js:174:7)
92 verbose stack     at /usr/local/lib/node_modules/npm/node_modules/graceful-fs/polyfills.js:210:7
92 verbose stack     at FSReqWrap.oncomplete (fs.js:123:15)
93 verbose cwd /home/order/Desktop/soundcloudapp-order12a
94 error Linux 3.19.0-36-generic
95 error argv "/usr/local/bin/node" "/usr/local/bin/npm" "install"
96 error node v6.6.0
97 error npm  v3.10.3
98 error No compatible version found: jasmine@2.13
98 error Valid install targets:
98 error 2.5.2, 2.5.1, 2.5.0, 2.4.1, 2.4.0, 2.3.2, 2.3.1, 2.3.0, 2.2.1, 2.2.0, 2.1.1, 2.1.0, 2.0.1
99 error If you need help, you may report this error at:
99 error     <https://github.com/npm/npm/issues>
100 verbose exit [ 1, true ]
